<?xml version="1.0" encoding="UTF-8"?>
<testsuite xmlns:xsi="http://www.w3.org/2001/XMLSchema-instance" xsi:noNamespaceSchemaLocation="https://maven.apache.org/surefire/maven-surefire-plugin/xsd/surefire-test-report.xsd" version="3.0.2" name="org.apache.commons.collections4.CollectionUtilsTest" time="0.159" tests="161" errors="0" skipped="0" failures="0">
  <properties>
    <property name="java.specification.version" value="21"/>
    <property name="sun.cpu.isalist" value="amd64"/>
    <property name="sun.jnu.encoding" value="Cp1252"/>
    <property name="java.class.path" value="C:\Users\azoug\Desktop\commons-collections-master\target\test-classes;C:\Users\azoug\Desktop\commons-collections-master\target\classes;C:\Users\azoug\.m2\repository\org\junit\jupiter\junit-jupiter-engine\5.12.2\junit-jupiter-engine-5.12.2.jar;C:\Users\azoug\.m2\repository\org\junit\platform\junit-platform-engine\1.12.2\junit-platform-engine-1.12.2.jar;C:\Users\azoug\.m2\repository\org\opentest4j\opentest4j\1.3.0\opentest4j-1.3.0.jar;C:\Users\azoug\.m2\repository\org\junit\platform\junit-platform-commons\1.12.2\junit-platform-commons-1.12.2.jar;C:\Users\azoug\.m2\repository\org\junit\jupiter\junit-jupiter-api\5.12.2\junit-jupiter-api-5.12.2.jar;C:\Users\azoug\.m2\repository\org\apiguardian\apiguardian-api\1.1.2\apiguardian-api-1.1.2.jar;C:\Users\azoug\.m2\repository\org\junit\jupiter\junit-jupiter-params\5.12.2\junit-jupiter-params-5.12.2.jar;C:\Users\azoug\.m2\repository\org\pitest\pitest-junit5-plugin\1.2.0\pitest-junit5-plugin-1.2.0.jar;C:\Users\azoug\.m2\repository\org\junit\platform\junit-platform-launcher\1.12.2\junit-platform-launcher-1.12.2.jar;C:\Users\azoug\.m2\repository\org\easymock\easymock\5.5.0\easymock-5.5.0.jar;C:\Users\azoug\.m2\repository\net\bytebuddy\byte-buddy\1.15.10\byte-buddy-1.15.10.jar;C:\Users\azoug\.m2\repository\org\ow2\asm\asm\9.7.1\asm-9.7.1.jar;C:\Users\azoug\.m2\repository\org\objenesis\objenesis\3.4\objenesis-3.4.jar;C:\Users\azoug\.m2\repository\org\apache\commons\commons-lang3\3.17.0\commons-lang3-3.17.0.jar;C:\Users\azoug\.m2\repository\commons-io\commons-io\2.19.0\commons-io-2.19.0.jar;C:\Users\azoug\.m2\repository\commons-codec\commons-codec\1.18.0\commons-codec-1.18.0.jar;C:\Users\azoug\.m2\repository\com\google\guava\guava-testlib\33.3.1-jre\guava-testlib-33.3.1-jre.jar;C:\Users\azoug\.m2\repository\com\google\code\findbugs\jsr305\3.0.2\jsr305-3.0.2.jar;C:\Users\azoug\.m2\repository\org\checkerframework\checker-qual\3.43.0\checker-qual-3.43.0.jar;C:\Users\azoug\.m2\repository\com\google\errorprone\error_prone_annotations\2.28.0\error_prone_annotations-2.28.0.jar;C:\Users\azoug\.m2\repository\com\google\j2objc\j2objc-annotations\3.0.0\j2objc-annotations-3.0.0.jar;C:\Users\azoug\.m2\repository\com\google\guava\guava\33.3.1-jre\guava-33.3.1-jre.jar;C:\Users\azoug\.m2\repository\com\google\guava\failureaccess\1.0.2\failureaccess-1.0.2.jar;C:\Users\azoug\.m2\repository\com\google\guava\listenablefuture\9999.0-empty-to-avoid-conflict-with-guava\listenablefuture-9999.0-empty-to-avoid-conflict-with-guava.jar;C:\Users\azoug\.m2\repository\junit\junit\4.13.2\junit-4.13.2.jar;C:\Users\azoug\.m2\repository\org\hamcrest\hamcrest-core\1.3\hamcrest-core-1.3.jar;"/>
    <property name="java.vm.vendor" value="Oracle Corporation"/>
    <property name="sun.arch.data.model" value="64"/>
    <property name="user.variant" value=""/>
    <property name="java.vendor.url" value="https://java.oracle.com/"/>
    <property name="user.timezone" value="Europe/Berlin"/>
    <property name="os.name" value="Windows 11"/>
    <property name="java.vm.specification.version" value="21"/>
    <property name="sun.java.launcher" value="SUN_STANDARD"/>
    <property name="user.country" value="GB"/>
    <property name="sun.boot.library.path" value="C:\Program Files\Java\jdk-21\bin"/>
    <property name="sun.java.command" value="C:\Users\azoug\AppData\Local\Temp\surefire3382796720075282091\surefirebooter-20250505213957575_3.jar C:\Users\azoug\AppData\Local\Temp\surefire3382796720075282091 2025-05-05T21-39-57_423-jvmRun1 surefire-20250505213957575_1tmp surefire_0-20250505213957575_2tmp"/>
    <property name="jdk.debug" value="release"/>
    <property name="surefire.test.class.path" value="C:\Users\azoug\Desktop\commons-collections-master\target\test-classes;C:\Users\azoug\Desktop\commons-collections-master\target\classes;C:\Users\azoug\.m2\repository\org\junit\jupiter\junit-jupiter-engine\5.12.2\junit-jupiter-engine-5.12.2.jar;C:\Users\azoug\.m2\repository\org\junit\platform\junit-platform-engine\1.12.2\junit-platform-engine-1.12.2.jar;C:\Users\azoug\.m2\repository\org\opentest4j\opentest4j\1.3.0\opentest4j-1.3.0.jar;C:\Users\azoug\.m2\repository\org\junit\platform\junit-platform-commons\1.12.2\junit-platform-commons-1.12.2.jar;C:\Users\azoug\.m2\repository\org\junit\jupiter\junit-jupiter-api\5.12.2\junit-jupiter-api-5.12.2.jar;C:\Users\azoug\.m2\repository\org\apiguardian\apiguardian-api\1.1.2\apiguardian-api-1.1.2.jar;C:\Users\azoug\.m2\repository\org\junit\jupiter\junit-jupiter-params\5.12.2\junit-jupiter-params-5.12.2.jar;C:\Users\azoug\.m2\repository\org\pitest\pitest-junit5-plugin\1.2.0\pitest-junit5-plugin-1.2.0.jar;C:\Users\azoug\.m2\repository\org\junit\platform\junit-platform-launcher\1.12.2\junit-platform-launcher-1.12.2.jar;C:\Users\azoug\.m2\repository\org\easymock\easymock\5.5.0\easymock-5.5.0.jar;C:\Users\azoug\.m2\repository\net\bytebuddy\byte-buddy\1.15.10\byte-buddy-1.15.10.jar;C:\Users\azoug\.m2\repository\org\ow2\asm\asm\9.7.1\asm-9.7.1.jar;C:\Users\azoug\.m2\repository\org\objenesis\objenesis\3.4\objenesis-3.4.jar;C:\Users\azoug\.m2\repository\org\apache\commons\commons-lang3\3.17.0\commons-lang3-3.17.0.jar;C:\Users\azoug\.m2\repository\commons-io\commons-io\2.19.0\commons-io-2.19.0.jar;C:\Users\azoug\.m2\repository\commons-codec\commons-codec\1.18.0\commons-codec-1.18.0.jar;C:\Users\azoug\.m2\repository\com\google\guava\guava-testlib\33.3.1-jre\guava-testlib-33.3.1-jre.jar;C:\Users\azoug\.m2\repository\com\google\code\findbugs\jsr305\3.0.2\jsr305-3.0.2.jar;C:\Users\azoug\.m2\repository\org\checkerframework\checker-qual\3.43.0\checker-qual-3.43.0.jar;C:\Users\azoug\.m2\repository\com\google\errorprone\error_prone_annotations\2.28.0\error_prone_annotations-2.28.0.jar;C:\Users\azoug\.m2\repository\com\google\j2objc\j2objc-annotations\3.0.0\j2objc-annotations-3.0.0.jar;C:\Users\azoug\.m2\repository\com\google\guava\guava\33.3.1-jre\guava-33.3.1-jre.jar;C:\Users\azoug\.m2\repository\com\google\guava\failureaccess\1.0.2\failureaccess-1.0.2.jar;C:\Users\azoug\.m2\repository\com\google\guava\listenablefuture\9999.0-empty-to-avoid-conflict-with-guava\listenablefuture-9999.0-empty-to-avoid-conflict-with-guava.jar;C:\Users\azoug\.m2\repository\junit\junit\4.13.2\junit-4.13.2.jar;C:\Users\azoug\.m2\repository\org\hamcrest\hamcrest-core\1.3\hamcrest-core-1.3.jar;"/>
    <property name="sun.cpu.endian" value="little"/>
    <property name="user.home" value="C:\Users\azoug"/>
    <property name="user.language" value="en"/>
    <property name="java.specification.vendor" value="Oracle Corporation"/>
    <property name="java.version.date" value="2025-04-15"/>
    <property name="java.home" value="C:\Program Files\Java\jdk-21"/>
    <property name="file.separator" value="\"/>
    <property name="basedir" value="C:\Users\azoug\Desktop\commons-collections-master"/>
    <property name="java.vm.compressedOopsMode" value="Zero based"/>
    <property name="line.separator" value="&#10;"/>
    <property name="java.vm.specification.vendor" value="Oracle Corporation"/>
    <property name="java.specification.name" value="Java Platform API Specification"/>
    <property name="surefire.real.class.path" value="C:\Users\azoug\AppData\Local\Temp\surefire3382796720075282091\surefirebooter-20250505213957575_3.jar"/>
    <property name="user.script" value=""/>
    <property name="sun.management.compiler" value="HotSpot 64-Bit Tiered Compilers"/>
    <property name="java.runtime.version" value="21.0.7+8-LTS-245"/>
    <property name="user.name" value="azoug"/>
    <property name="stdout.encoding" value="Cp1252"/>
    <property name="path.separator" value=";"/>
    <property name="os.version" value="10.0"/>
    <property name="java.runtime.name" value="Java(TM) SE Runtime Environment"/>
    <property name="file.encoding" value="UTF-8"/>
    <property name="java.vm.name" value="Java HotSpot(TM) 64-Bit Server VM"/>
    <property name="localRepository" value="C:\Users\azoug\.m2\repository"/>
    <property name="java.vendor.url.bug" value="https://bugreport.java.com/bugreport/"/>
    <property name="java.io.tmpdir" value="C:\Users\azoug\AppData\Local\Temp\"/>
    <property name="java.version" value="21.0.7"/>
    <property name="user.dir" value="C:\Users\azoug\Desktop\commons-collections-master"/>
    <property name="os.arch" value="amd64"/>
    <property name="java.vm.specification.name" value="Java Virtual Machine Specification"/>
    <property name="sun.os.patch.level" value=""/>
    <property name="native.encoding" value="Cp1252"/>
    <property name="java.library.path" value="C:\Program Files\Java\jdk-21\bin;C:\WINDOWS\Sun\Java\bin;C:\WINDOWS\system32;C:\WINDOWS;C:\Program Files\Common Files\Oracle\Java\javapath;C:\WINDOWS\system32;C:\WINDOWS;C:\WINDOWS\System32\Wbem;C:\WINDOWS\System32\WindowsPowerShell\v1.0\;C:\WINDOWS\System32\OpenSSH\;c:\Users\azoug\AppData\Local\Programs\cursor\resources\app\bin;C:\Program Files\nodejs\;C:\Program Files\Git\cmd;C:\Program Files\apache-maven-3.9.9\bin;C:\Program Files\Java\jdk-21\bin;C:\Users\azoug\AppData\Local\Microsoft\WindowsApps;C:\Users\azoug\AppData\Local\Programs\Microsoft VS Code\bin;C:\MinGW\bin;C:\Users\azoug\AppData\Local\Programs\cursor\resources\app\bin;C:\Users\azoug\AppData\Roaming\npm;."/>
    <property name="java.vm.info" value="mixed mode, sharing"/>
    <property name="stderr.encoding" value="Cp1252"/>
    <property name="java.vendor" value="Oracle Corporation"/>
    <property name="java.vm.version" value="21.0.7+8-LTS-245"/>
    <property name="sun.io.unicode.encoding" value="UnicodeLittle"/>
    <property name="java.class.version" value="65.0"/>
  </properties>
  <testcase name="testContainsAnyInArray" classname="org.apache.commons.collections4.CollectionUtilsTest" time="0.001"/>
  <testcase name="forAllDoIterator" classname="org.apache.commons.collections4.CollectionUtilsTest" time="0.007"/>
  <testcase name="countMatches" classname="org.apache.commons.collections4.CollectionUtilsTest" time="0.004"/>
  <testcase name="testGetNegative" classname="org.apache.commons.collections4.CollectionUtilsTest" time="0.001"/>
  <testcase name="testIsEmptyWithNull" classname="org.apache.commons.collections4.CollectionUtilsTest" time="0.0"/>
  <testcase name="testIsEmptyWithNonEmptyCollection" classname="org.apache.commons.collections4.CollectionUtilsTest" time="0.0"/>
  <testcase name="testIsEmptyWithEmptyCollection" classname="org.apache.commons.collections4.CollectionUtilsTest" time="0.001"/>
  <testcase name="testHashCodeNullEquator" classname="org.apache.commons.collections4.CollectionUtilsTest" time="0.0"/>
  <testcase name="testRemoveAllNullSubColl" classname="org.apache.commons.collections4.CollectionUtilsTest" time="0.001"/>
  <testcase name="testIsEqualCollection2" classname="org.apache.commons.collections4.CollectionUtilsTest" time="0.002"/>
  <testcase name="testIsEqualCollection" classname="org.apache.commons.collections4.CollectionUtilsTest" time="0.0"/>
  <testcase name="testGetIterator" classname="org.apache.commons.collections4.CollectionUtilsTest" time="0.0"/>
  <testcase name="testPredicatedCollectionNullPredicate" classname="org.apache.commons.collections4.CollectionUtilsTest" time="0.001"/>
  <testcase name="testRemoveCountNegative" classname="org.apache.commons.collections4.CollectionUtilsTest" time="0.0"/>
  <testcase name="testFilterInverseNullParameters" classname="org.apache.commons.collections4.CollectionUtilsTest" time="0.003"/>
  <testcase name="testSizeIsEmpty_Enumeration" classname="org.apache.commons.collections4.CollectionUtilsTest" time="0.001"/>
  <testcase name="testTransformingCollectionNullColl" classname="org.apache.commons.collections4.CollectionUtilsTest" time="0.0"/>
  <testcase name="testIsSubCollection2" classname="org.apache.commons.collections4.CollectionUtilsTest" time="0.001"/>
  <testcase name="testRemoveRangeEndIndexNegative" classname="org.apache.commons.collections4.CollectionUtilsTest" time="0.001"/>
  <testcase name="testSubtractNullColl1" classname="org.apache.commons.collections4.CollectionUtilsTest" time="0.001"/>
  <testcase name="testSubtractNullColl2" classname="org.apache.commons.collections4.CollectionUtilsTest" time="0.0"/>
  <testcase name="testAddIgnoreNull" classname="org.apache.commons.collections4.CollectionUtilsTest" time="0.001"/>
  <testcase name="testMaxSizeNullColl" classname="org.apache.commons.collections4.CollectionUtilsTest" time="0.0"/>
  <testcase name="testGetFromObjectArray" classname="org.apache.commons.collections4.CollectionUtilsTest" time="0.001"/>
  <testcase name="testIsProperSubCollection" classname="org.apache.commons.collections4.CollectionUtilsTest" time="0.001"/>
  <testcase name="testIntersectionUsesMethodEquals" classname="org.apache.commons.collections4.CollectionUtilsTest" time="0.0"/>
  <testcase name="testGet" classname="org.apache.commons.collections4.CollectionUtilsTest" time="0.001"/>
  <testcase name="testSubtract" classname="org.apache.commons.collections4.CollectionUtilsTest" time="0.0"/>
  <testcase name="testReverseArrayNull" classname="org.apache.commons.collections4.CollectionUtilsTest" time="0.001"/>
  <testcase name="testDisjunctionNullColl1" classname="org.apache.commons.collections4.CollectionUtilsTest" time="0.0"/>
  <testcase name="testDisjunctionNullColl2" classname="org.apache.commons.collections4.CollectionUtilsTest" time="0.001"/>
  <testcase name="testIsEqualCollectionReturnsFalse" classname="org.apache.commons.collections4.CollectionUtilsTest" time="0.0"/>
  <testcase name="exists" classname="org.apache.commons.collections4.CollectionUtilsTest" time="0.001"/>
  <testcase name="testGetFromMapIndexOutOfRange" classname="org.apache.commons.collections4.CollectionUtilsTest" time="0.0"/>
  <testcase name="getFromEnumeration" classname="org.apache.commons.collections4.CollectionUtilsTest" time="0.002"/>
  <testcase name="testUnion" classname="org.apache.commons.collections4.CollectionUtilsTest" time="0.0"/>
  <testcase name="testGet1" classname="org.apache.commons.collections4.CollectionUtilsTest" time="0.0"/>
  <testcase name="testFilterInverse" classname="org.apache.commons.collections4.CollectionUtilsTest" time="0.0"/>
  <testcase name="testGetFromHashMap" classname="org.apache.commons.collections4.CollectionUtilsTest" time="0.0"/>
  <testcase name="testExtractSingleton" classname="org.apache.commons.collections4.CollectionUtilsTest" time="0.001"/>
  <testcase name="testSelectWithOutputCollections" classname="org.apache.commons.collections4.CollectionUtilsTest" time="0.0"/>
  <testcase name="testTransformedCollection" classname="org.apache.commons.collections4.CollectionUtilsTest" time="0.001"/>
  <testcase name="testDisjunction" classname="org.apache.commons.collections4.CollectionUtilsTest" time="0.0"/>
  <testcase name="testRemoveCountWrongCount" classname="org.apache.commons.collections4.CollectionUtilsTest" time="0.001"/>
  <testcase name="testContainsAnyInCollection" classname="org.apache.commons.collections4.CollectionUtilsTest" time="0.0"/>
  <testcase name="testIsNotEmptyWithNull" classname="org.apache.commons.collections4.CollectionUtilsTest" time="0.0"/>
  <testcase name="testRemoveCount" classname="org.apache.commons.collections4.CollectionUtilsTest" time="0.001"/>
  <testcase name="testRemoveRange" classname="org.apache.commons.collections4.CollectionUtilsTest" time="0.0"/>
  <testcase name="testSelectRejected" classname="org.apache.commons.collections4.CollectionUtilsTest" time="0.0"/>
  <testcase name="forAllButLastDoCollection" classname="org.apache.commons.collections4.CollectionUtilsTest" time="0.001"/>
  <testcase name="testSize_PrimitiveArray" classname="org.apache.commons.collections4.CollectionUtilsTest" time="0.0"/>
  <testcase name="testRetainAll" classname="org.apache.commons.collections4.CollectionUtilsTest" time="0.0"/>
  <testcase name="testUnionNullColl1" classname="org.apache.commons.collections4.CollectionUtilsTest" time="0.0"/>
  <testcase name="testUnionNullColl2" classname="org.apache.commons.collections4.CollectionUtilsTest" time="0.001"/>
  <testcase name="testPredicatedCollection" classname="org.apache.commons.collections4.CollectionUtilsTest" time="0.001"/>
  <testcase name="testGetFromPrimitiveArray" classname="org.apache.commons.collections4.CollectionUtilsTest" time="0.0"/>
  <testcase name="testIsEqualCollectionNullColl1" classname="org.apache.commons.collections4.CollectionUtilsTest" time="0.002"/>
  <testcase name="testIsEqualCollectionNullColl2" classname="org.apache.commons.collections4.CollectionUtilsTest" time="0.001"/>
  <testcase name="testIsFullNullColl" classname="org.apache.commons.collections4.CollectionUtilsTest" time="0.0"/>
  <testcase name="testGetFromObject" classname="org.apache.commons.collections4.CollectionUtilsTest" time="0.0"/>
  <testcase name="testEmptyCollection" classname="org.apache.commons.collections4.CollectionUtilsTest" time="0.0"/>
  <testcase name="testSizeIsEmpty_PrimitiveArray" classname="org.apache.commons.collections4.CollectionUtilsTest" time="0.001"/>
  <testcase name="testSelect_Iterable_Predicate_Collection_JiraCollections864" classname="org.apache.commons.collections4.CollectionUtilsTest" time="0.0"/>
  <testcase name="testContainsAll" classname="org.apache.commons.collections4.CollectionUtilsTest" time="0.0"/>
  <testcase name="testRemoveRangeWrongEndIndex" classname="org.apache.commons.collections4.CollectionUtilsTest" time="0.001"/>
  <testcase name="testGetEnumeration" classname="org.apache.commons.collections4.CollectionUtilsTest" time="0.0"/>
  <testcase name="testSubtractWithPredicate" classname="org.apache.commons.collections4.CollectionUtilsTest" time="0.0"/>
  <testcase name="testTransformedCollection_2" classname="org.apache.commons.collections4.CollectionUtilsTest" time="0.0"/>
  <testcase name="testAddAllNullColl2" classname="org.apache.commons.collections4.CollectionUtilsTest" time="0.0"/>
  <testcase name="testAddAllNullColl3" classname="org.apache.commons.collections4.CollectionUtilsTest" time="0.001"/>
  <testcase name="testAddAllNullColl4" classname="org.apache.commons.collections4.CollectionUtilsTest" time="0.0"/>
  <testcase name="testAddAllNullColl5" classname="org.apache.commons.collections4.CollectionUtilsTest" time="0.001"/>
  <testcase name="cardinalityOfNull" classname="org.apache.commons.collections4.CollectionUtilsTest" time="0.001"/>
  <testcase name="testHashCodeNullCollection" classname="org.apache.commons.collections4.CollectionUtilsTest" time="0.002"/>
  <testcase name="testSizeIsEmpty_List" classname="org.apache.commons.collections4.CollectionUtilsTest" time="0.0"/>
  <testcase name="testSizeIsEmpty_Null" classname="org.apache.commons.collections4.CollectionUtilsTest" time="0.0"/>
  <testcase name="testIntersectionNullColl1" classname="org.apache.commons.collections4.CollectionUtilsTest" time="0.001"/>
  <testcase name="testIntersectionNullColl2" classname="org.apache.commons.collections4.CollectionUtilsTest" time="0.0"/>
  <testcase name="testIsSubCollectionOfSelf" classname="org.apache.commons.collections4.CollectionUtilsTest" time="0.001"/>
  <testcase name="testSizeIsEmpty_Map" classname="org.apache.commons.collections4.CollectionUtilsTest" time="0.0"/>
  <testcase name="find" classname="org.apache.commons.collections4.CollectionUtilsTest" time="0.0"/>
  <testcase name="testIsEqualCollectionEquator" classname="org.apache.commons.collections4.CollectionUtilsTest" time="0.005"/>
  <testcase name="testRemoveCountStartNegative" classname="org.apache.commons.collections4.CollectionUtilsTest" time="0.001"/>
  <testcase name="testGetPositiveOutOfBounds" classname="org.apache.commons.collections4.CollectionUtilsTest" time="0.0"/>
  <testcase name="testGetCardinalityMap" classname="org.apache.commons.collections4.CollectionUtilsTest" time="0.001"/>
  <testcase name="testContainsAnyNullColl1" classname="org.apache.commons.collections4.CollectionUtilsTest" time="0.0"/>
  <testcase name="testContainsAnyNullColl2" classname="org.apache.commons.collections4.CollectionUtilsTest" time="0.0"/>
  <testcase name="testContainsAnyNullColl3" classname="org.apache.commons.collections4.CollectionUtilsTest" time="0.001"/>
  <testcase name="testGetFromList" classname="org.apache.commons.collections4.CollectionUtilsTest" time="0.029"/>
  <testcase name="testEmptyIfNull" classname="org.apache.commons.collections4.CollectionUtilsTest" time="0.0"/>
  <testcase name="testRetainAllNullBaseColl" classname="org.apache.commons.collections4.CollectionUtilsTest" time="0.001"/>
  <testcase name="testRemoveRangeEndLowStart" classname="org.apache.commons.collections4.CollectionUtilsTest" time="0.001"/>
  <testcase name="getFromIterable" classname="org.apache.commons.collections4.CollectionUtilsTest" time="0.001"/>
  <testcase name="getFromIterator" classname="org.apache.commons.collections4.CollectionUtilsTest" time="0.0"/>
  <testcase name="testPermutationsWithNullCollection" classname="org.apache.commons.collections4.CollectionUtilsTest" time="0.002"/>
  <testcase name="testMaxSize" classname="org.apache.commons.collections4.CollectionUtilsTest" time="0.002"/>
  <testcase name="testCollateIgnoreDuplicates" classname="org.apache.commons.collections4.CollectionUtilsTest" time="0.002"/>
  <testcase name="testCollate" classname="org.apache.commons.collections4.CollectionUtilsTest" time="0.001"/>
  <testcase name="testCollect" classname="org.apache.commons.collections4.CollectionUtilsTest" time="0.002"/>
  <testcase name="forAllDoCollection" classname="org.apache.commons.collections4.CollectionUtilsTest" time="0.0"/>
  <testcase name="testRetainAllWithEquator" classname="org.apache.commons.collections4.CollectionUtilsTest" time="0.002"/>
  <testcase name="testAddAllForElements" classname="org.apache.commons.collections4.CollectionUtilsTest" time="0.001"/>
  <testcase name="testGetCardinalityMapNull" classname="org.apache.commons.collections4.CollectionUtilsTest" time="0.0"/>
  <testcase name="testReverse" classname="org.apache.commons.collections4.CollectionUtilsTest" time="0.0"/>
  <testcase name="testaddAllNullColl1" classname="org.apache.commons.collections4.CollectionUtilsTest" time="0.0"/>
  <testcase name="testRemoveCountWithNull" classname="org.apache.commons.collections4.CollectionUtilsTest" time="0.001"/>
  <testcase name="testIsProperSubCollectionNullColl1" classname="org.apache.commons.collections4.CollectionUtilsTest" time="0.0"/>
  <testcase name="testIsProperSubCollectionNullColl2" classname="org.apache.commons.collections4.CollectionUtilsTest" time="0.0"/>
  <testcase name="testPredicatedCollectionNullColl" classname="org.apache.commons.collections4.CollectionUtilsTest" time="0.002"/>
  <testcase name="testIsSubCollection" classname="org.apache.commons.collections4.CollectionUtilsTest" time="0.0"/>
  <testcase name="cardinality" classname="org.apache.commons.collections4.CollectionUtilsTest" time="0.001"/>
  <testcase name="testHashCode" classname="org.apache.commons.collections4.CollectionUtilsTest" time="0.001"/>
  <testcase name="testSynchronizedCollection" classname="org.apache.commons.collections4.CollectionUtilsTest" time="0.0"/>
  <testcase name="testIsSubCollectionNullColl1" classname="org.apache.commons.collections4.CollectionUtilsTest" time="0.002"/>
  <testcase name="testIsSubCollectionNullColl2" classname="org.apache.commons.collections4.CollectionUtilsTest" time="0.0"/>
  <testcase name="testDisjunctionAsUnionMinusIntersection" classname="org.apache.commons.collections4.CollectionUtilsTest" time="0.001"/>
  <testcase name="testUnmodifiableCollection" classname="org.apache.commons.collections4.CollectionUtilsTest" time="0.0"/>
  <testcase name="testFilterNullParameters" classname="org.apache.commons.collections4.CollectionUtilsTest" time="0.001"/>
  <testcase name="testRetainAllNullSubColl" classname="org.apache.commons.collections4.CollectionUtilsTest" time="0.0"/>
  <testcase name="testMatchesAll" classname="org.apache.commons.collections4.CollectionUtilsTest" time="0.001"/>
  <testcase name="testSize_List" classname="org.apache.commons.collections4.CollectionUtilsTest" time="0.0"/>
  <testcase name="testIsEqualCollectionNullEquator" classname="org.apache.commons.collections4.CollectionUtilsTest" time="0.001"/>
  <testcase name="testAddIgnoreNullNullColl" classname="org.apache.commons.collections4.CollectionUtilsTest" time="0.0"/>
  <testcase name="testRemoveRangeNull" classname="org.apache.commons.collections4.CollectionUtilsTest" time="0.002"/>
  <testcase name="testContainsAnyInArrayNullArray" classname="org.apache.commons.collections4.CollectionUtilsTest" time="0.0"/>
  <testcase name="testContainsAnyInArrayNullColl1" classname="org.apache.commons.collections4.CollectionUtilsTest" time="0.0"/>
  <testcase name="testContainsAnyInArrayNullColl2" classname="org.apache.commons.collections4.CollectionUtilsTest" time="0.0"/>
  <testcase name="testIntersection" classname="org.apache.commons.collections4.CollectionUtilsTest" time="0.0"/>
  <testcase name="testSize_Enumeration" classname="org.apache.commons.collections4.CollectionUtilsTest" time="0.001"/>
  <testcase name="testSizeIsEmpty_Iterator" classname="org.apache.commons.collections4.CollectionUtilsTest" time="0.0"/>
  <testcase name="testFilter" classname="org.apache.commons.collections4.CollectionUtilsTest" time="0.0"/>
  <testcase name="testGetFromTreeMap" classname="org.apache.commons.collections4.CollectionUtilsTest" time="0.001"/>
  <testcase name="forAllDoFailure" classname="org.apache.commons.collections4.CollectionUtilsTest" time="0.001"/>
  <testcase name="testIsFull" classname="org.apache.commons.collections4.CollectionUtilsTest" time="0.001"/>
  <testcase name="testRemoveAllNullBaseColl" classname="org.apache.commons.collections4.CollectionUtilsTest" time="0.0"/>
  <testcase name="testGetFromLinkedHashMap" classname="org.apache.commons.collections4.CollectionUtilsTest" time="0.001"/>
  <testcase name="testSizeIsEmpty_Array" classname="org.apache.commons.collections4.CollectionUtilsTest" time="0.0"/>
  <testcase name="testSize_Map" classname="org.apache.commons.collections4.CollectionUtilsTest" time="0.0"/>
  <testcase name="testSizeIsEmpty_Other" classname="org.apache.commons.collections4.CollectionUtilsTest" time="0.001"/>
  <testcase name="testIsNotEmptyWithNonEmptyCollection" classname="org.apache.commons.collections4.CollectionUtilsTest" time="0.0"/>
  <testcase name="testDisjunctionAsSymmetricDifference" classname="org.apache.commons.collections4.CollectionUtilsTest" time="0.0"/>
  <testcase name="testPermutations" classname="org.apache.commons.collections4.CollectionUtilsTest" time="0.0"/>
  <testcase name="testIsEmpty" classname="org.apache.commons.collections4.CollectionUtilsTest" time="0.0"/>
  <testcase name="testSize_Iterator" classname="org.apache.commons.collections4.CollectionUtilsTest" time="0.0"/>
  <testcase name="testIsEqualCollectionToSelf" classname="org.apache.commons.collections4.CollectionUtilsTest" time="0.0"/>
  <testcase name="testSelect" classname="org.apache.commons.collections4.CollectionUtilsTest" time="0.0"/>
  <testcase name="testTransformingCollectionNullTransformer" classname="org.apache.commons.collections4.CollectionUtilsTest" time="0.0"/>
  <testcase name="testSize_Array" classname="org.apache.commons.collections4.CollectionUtilsTest" time="0.0"/>
  <testcase name="testSize_Other" classname="org.apache.commons.collections4.CollectionUtilsTest" time="0.0"/>
  <testcase name="testAddAllForIterable" classname="org.apache.commons.collections4.CollectionUtilsTest" time="0.005"/>
  <testcase name="testCollateException0" classname="org.apache.commons.collections4.CollectionUtilsTest" time="0.0"/>
  <testcase name="testCollateException1" classname="org.apache.commons.collections4.CollectionUtilsTest" time="0.0"/>
  <testcase name="testCollateException2" classname="org.apache.commons.collections4.CollectionUtilsTest" time="0.001"/>
  <testcase name="forAllButLastDoIterator" classname="org.apache.commons.collections4.CollectionUtilsTest" time="0.0"/>
  <testcase name="testTransform1" classname="org.apache.commons.collections4.CollectionUtilsTest" time="0.001"/>
  <testcase name="testTransform2" classname="org.apache.commons.collections4.CollectionUtilsTest" time="0.0"/>
  <testcase name="testAddAllForEnumeration" classname="org.apache.commons.collections4.CollectionUtilsTest" time="0.001"/>
  <testcase name="testRemoveRangeStartIndexNegative" classname="org.apache.commons.collections4.CollectionUtilsTest" time="0.0"/>
  <testcase name="testRemoveAll" classname="org.apache.commons.collections4.CollectionUtilsTest" time="0.0"/>
  <testcase name="testRemoveAllWithEquator" classname="org.apache.commons.collections4.CollectionUtilsTest" time="0.004"/>
  <testcase name="testIsNotEmptyWithEmptyCollection" classname="org.apache.commons.collections4.CollectionUtilsTest" time="0.0"/>
</testsuite>